[4074] Thu Aug 25 11:44:02 CST 2016
[4074] Thu Aug 25 11:44:18 CST 2016
[4075] Thu Aug 25 18:01:08 CST 2016
[4075] Thu Aug 25 18:07:07 CST 2016
[4075] Thu Aug 25 18:13:06 CST 2016
[4075] Thu Aug 25 18:19:06 CST 2016
[4075] Thu Aug 25 18:25:07 CST 2016
[4075] Thu Aug 25 18:31:08 CST 2016
[4075] Thu Aug 25 18:37:09 CST 2016
[4075] Thu Aug 25 18:43:06 CST 2016
[4075] Thu Aug 25 18:49:07 CST 2016
[4075] Thu Aug 25 18:55:06 CST 2016
[4075] Thu Aug 25 19:01:07 CST 2016
[4075] Thu Aug 25 19:07:06 CST 2016
[4075] Thu Aug 25 19:13:08 CST 2016
[4075] Thu Aug 25 19:19:07 CST 2016
[4075] Thu Aug 25 19:25:06 CST 2016
[4075] Thu Aug 25 19:31:07 CST 2016
[4075] Thu Aug 25 19:37:06 CST 2016
[4075] Thu Aug 25 19:43:07 CST 2016
[4075] Thu Aug 25 19:49:06 CST 2016
[4075] Thu Aug 25 19:55:07 CST 2016
[4075] Thu Aug 25 20:01:07 CST 2016
[4075] Thu Aug 25 20:07:06 CST 2016
[4075] Thu Aug 25 20:13:06 CST 2016
[4075] Thu Aug 25 20:19:06 CST 2016
[4075] Thu Aug 25 20:25:07 CST 2016
[4075] Thu Aug 25 20:31:07 CST 2016
[4075] Thu Aug 25 20:37:06 CST 2016
[4075] Thu Aug 25 20:43:07 CST 2016
[4075] Thu Aug 25 20:49:06 CST 2016
[4075] Thu Aug 25 20:55:07 CST 2016
[4075] Thu Aug 25 21:01:07 CST 2016
[4075] Thu Aug 25 21:07:06 CST 2016
[4075] Thu Aug 25 21:13:07 CST 2016
[4075] Thu Aug 25 21:19:05 CST 2016
[4075] Thu Aug 25 21:25:09 CST 2016
[4075] Thu Aug 25 21:31:07 CST 2016
[4075] Thu Aug 25 21:37:07 CST 2016
[4075] Thu Aug 25 21:43:07 CST 2016
[4075] Thu Aug 25 21:49:06 CST 2016
[4075] Thu Aug 25 21:55:07 CST 2016
[4075] Thu Aug 25 22:01:07 CST 2016
[4075] Thu Aug 25 22:07:06 CST 2016
[4075] Thu Aug 25 22:13:07 CST 2016
[4075] Thu Aug 25 22:19:05 CST 2016
[4075] Thu Aug 25 22:25:07 CST 2016
[4075] Thu Aug 25 22:31:10 CST 2016
[4075] Thu Aug 25 22:37:08 CST 2016
[4075] Thu Aug 25 22:43:06 CST 2016
[4075] Thu Aug 25 22:49:09 CST 2016
[4075] Thu Aug 25 22:55:06 CST 2016
[4075] Sat Aug 27 18:01:07 CST 2016
[4075] Sat Aug 27 18:07:06 CST 2016
[4075] Sat Aug 27 18:13:07 CST 2016
[4075] Sat Aug 27 18:19:07 CST 2016
[4075] Sat Aug 27 18:25:06 CST 2016
[4075] Sat Aug 27 18:31:07 CST 2016
[4075] Sat Aug 27 18:37:06 CST 2016
[4075] Sat Aug 27 18:43:05 CST 2016
[4075] Sat Aug 27 18:49:06 CST 2016
[4075] Sat Aug 27 18:55:06 CST 2016
[4075] Sat Aug 27 19:01:07 CST 2016
[4075] Sat Aug 27 19:07:06 CST 2016
[4075] Sat Aug 27 19:13:07 CST 2016
[4075] Sat Aug 27 19:19:06 CST 2016
[4075] Sat Aug 27 19:25:07 CST 2016
[4075] Sat Aug 27 19:31:06 CST 2016
[4075] Sat Aug 27 19:37:06 CST 2016
[4075] Sat Aug 27 19:43:07 CST 2016
[4075] Sat Aug 27 19:49:06 CST 2016
[4075] Sat Aug 27 19:55:06 CST 2016
[4075] Sat Aug 27 20:01:07 CST 2016
[4075] Sat Aug 27 20:01:08 CST 2016
[4075] Sat Aug 27 20:07:07 CST 2016
[4075] Sat Aug 27 20:13:06 CST 2016
[4075] Sat Aug 27 20:19:06 CST 2016
[4075] Sat Aug 27 20:19:07 CST 2016
[4075] Sat Aug 27 20:25:06 CST 2016
[4075] Sat Aug 27 20:31:07 CST 2016
[4075] Sat Aug 27 20:37:07 CST 2016
[4075] Sat Aug 27 20:37:08 CST 2016
[4075] Sat Aug 27 20:43:06 CST 2016
[4075] Sat Aug 27 20:49:06 CST 2016
[4075] Sat Aug 27 20:55:06 CST 2016
[4075] Sat Aug 27 20:55:10 CST 2016
[4075] Sat Aug 27 21:01:06 CST 2016
[4075] Sat Aug 27 21:01:07 CST 2016
[4075] Sat Aug 27 21:07:06 CST 2016
[4075] Sat Aug 27 21:13:06 CST 2016
[4075] Sat Aug 27 21:19:06 CST 2016
[4075] Sat Aug 27 21:19:09 CST 2016
[4075] Sat Aug 27 21:25:06 CST 2016
[4075] Sat Aug 27 21:31:06 CST 2016
[4075] Sat Aug 27 21:37:06 CST 2016
[4075] Sat Aug 27 21:37:06 CST 2016
[4075] Sat Aug 27 21:43:07 CST 2016
[4075] Sat Aug 27 21:49:07 CST 2016
[4075] Sat Aug 27 21:55:06 CST 2016
[4075] Sat Aug 27 21:55:08 CST 2016
[4075] Sat Aug 27 22:01:06 CST 2016
[4075] Sat Aug 27 22:01:07 CST 2016
[4075] Sat Aug 27 22:07:06 CST 2016
[4075] Sat Aug 27 22:13:07 CST 2016
[4075] Sat Aug 27 22:19:06 CST 2016
[4075] Sat Aug 27 22:19:06 CST 2016
[4075] Sat Aug 27 22:25:06 CST 2016
[4075] Sat Aug 27 22:31:10 CST 2016
[4075] Sat Aug 27 22:37:06 CST 2016
[4075] Sat Aug 27 22:37:09 CST 2016
[4075] Sat Aug 27 22:43:06 CST 2016
[4075] Sat Aug 27 22:49:06 CST 2016
[4075] Sat Aug 27 22:55:06 CST 2016
[4075] Sat Aug 27 22:55:07 CST 2016
[4074] Sun Aug 28 00:33:29 CST 2016
[4075] Mon Aug 29 18:01:08 CST 2016
[4075] Mon Aug 29 18:07:08 CST 2016
[4075] Mon Aug 29 18:13:06 CST 2016
[4075] Mon Aug 29 18:19:07 CST 2016
[4075] Mon Aug 29 18:25:06 CST 2016
[4075] Mon Aug 29 18:31:06 CST 2016
[4075] Mon Aug 29 18:37:10 CST 2016
[4075] Mon Aug 29 18:43:05 CST 2016
[4075] Mon Aug 29 18:49:06 CST 2016
[4075] Mon Aug 29 18:55:07 CST 2016
[4075] Mon Aug 29 19:01:07 CST 2016
[4075] Mon Aug 29 19:07:06 CST 2016
[4075] Mon Aug 29 19:13:07 CST 2016
[4075] Mon Aug 29 19:19:05 CST 2016
[4075] Mon Aug 29 19:25:06 CST 2016
[4075] Mon Aug 29 19:31:07 CST 2016
[4075] Mon Aug 29 19:37:06 CST 2016
[4075] Mon Aug 29 19:43:06 CST 2016
[4075] Mon Aug 29 19:49:06 CST 2016
[4075] Mon Aug 29 19:55:07 CST 2016
[4075] Mon Aug 29 20:01:07 CST 2016
[4075] Mon Aug 29 20:01:07 CST 2016
[4075] Mon Aug 29 20:07:07 CST 2016
[4075] Mon Aug 29 20:13:06 CST 2016
[4075] Mon Aug 29 20:19:06 CST 2016
[4075] Mon Aug 29 20:19:07 CST 2016
[4075] Mon Aug 29 20:25:06 CST 2016
[4075] Mon Aug 29 20:31:07 CST 2016
[4075] Mon Aug 29 20:37:06 CST 2016
[4075] Mon Aug 29 20:37:07 CST 2016
[4075] Mon Aug 29 20:43:06 CST 2016
[4075] Mon Aug 29 20:49:07 CST 2016
[4075] Mon Aug 29 20:55:05 CST 2016
[4075] Mon Aug 29 20:55:06 CST 2016
[4075] Mon Aug 29 21:01:07 CST 2016
[4075] Mon Aug 29 21:01:07 CST 2016
[4075] Mon Aug 29 21:07:06 CST 2016
[4075] Mon Aug 29 21:13:06 CST 2016
[4075] Mon Aug 29 21:19:06 CST 2016
[4075] Mon Aug 29 21:19:07 CST 2016
[4075] Mon Aug 29 21:25:06 CST 2016
[4075] Mon Aug 29 21:31:06 CST 2016
[4075] Mon Aug 29 21:37:07 CST 2016
[4075] Mon Aug 29 21:37:09 CST 2016
[4075] Mon Aug 29 21:43:07 CST 2016
[4075] Mon Aug 29 21:49:07 CST 2016
[4075] Mon Aug 29 21:55:06 CST 2016
[4075] Mon Aug 29 21:55:06 CST 2016
[4075] Mon Aug 29 22:01:06 CST 2016
[4075] Mon Aug 29 22:01:09 CST 2016
[4075] Mon Aug 29 22:07:06 CST 2016
[4075] Mon Aug 29 22:13:06 CST 2016
[4075] Mon Aug 29 22:19:07 CST 2016
[4075] Mon Aug 29 22:19:07 CST 2016
[4075] Mon Aug 29 22:25:07 CST 2016
[4075] Mon Aug 29 22:31:06 CST 2016
[4075] Mon Aug 29 22:37:06 CST 2016
[4075] Mon Aug 29 22:37:07 CST 2016
[4075] Mon Aug 29 22:43:06 CST 2016
[4075] Mon Aug 29 22:49:07 CST 2016
[4075] Mon Aug 29 22:55:06 CST 2016
[4075] Mon Aug 29 22:55:08 CST 2016
[4075] Tue Aug 30 18:01:06 CST 2016
[4075] Tue Aug 30 18:07:07 CST 2016
[4075] Tue Aug 30 18:13:06 CST 2016
[4075] Tue Aug 30 18:19:07 CST 2016
[4075] Tue Aug 30 18:25:07 CST 2016
[4075] Tue Aug 30 18:31:06 CST 2016
[4075] Tue Aug 30 18:37:07 CST 2016
[4075] Tue Aug 30 18:43:06 CST 2016
[4075] Tue Aug 30 18:49:06 CST 2016
[4075] Tue Aug 30 18:55:06 CST 2016
[4075] Tue Aug 30 19:01:06 CST 2016
[4075] Tue Aug 30 19:07:07 CST 2016
[4075] Tue Aug 30 19:13:07 CST 2016
[4075] Tue Aug 30 19:19:06 CST 2016
[4075] Tue Aug 30 19:25:06 CST 2016
[4075] Tue Aug 30 19:31:06 CST 2016
[4075] Tue Aug 30 19:37:06 CST 2016
[4075] Tue Aug 30 19:43:07 CST 2016
[4075] Tue Aug 30 19:49:06 CST 2016
[4075] Tue Aug 30 19:55:06 CST 2016
[4075] Tue Aug 30 20:01:06 CST 2016
[4075] Tue Aug 30 20:01:06 CST 2016
[4075] Tue Aug 30 20:07:06 CST 2016
[4075] Tue Aug 30 20:13:07 CST 2016
[4075] Tue Aug 30 20:19:06 CST 2016
[4075] Tue Aug 30 20:19:11 CST 2016
[4075] Tue Aug 30 20:25:06 CST 2016
[4075] Tue Aug 30 20:31:06 CST 2016
[4075] Tue Aug 30 20:37:06 CST 2016
[4075] Tue Aug 30 20:37:07 CST 2016
[4075] Tue Aug 30 20:43:07 CST 2016
[4075] Tue Aug 30 20:49:06 CST 2016
[4075] Tue Aug 30 20:55:06 CST 2016
[4075] Tue Aug 30 20:55:07 CST 2016
[4075] Tue Aug 30 21:01:06 CST 2016
[4075] Tue Aug 30 21:01:12 CST 2016
[4075] Tue Aug 30 21:07:07 CST 2016
[4075] Tue Aug 30 21:13:05 CST 2016
[4075] Tue Aug 30 21:19:06 CST 2016
[4075] Tue Aug 30 21:19:07 CST 2016
[4075] Tue Aug 30 21:25:06 CST 2016
[4075] Tue Aug 30 21:31:06 CST 2016
[4075] Tue Aug 30 21:37:06 CST 2016
[4075] Tue Aug 30 21:37:10 CST 2016
[4075] Tue Aug 30 21:43:05 CST 2016
[4075] Tue Aug 30 21:49:06 CST 2016
[4075] Tue Aug 30 21:55:07 CST 2016
[4075] Tue Aug 30 21:55:09 CST 2016
[4075] Tue Aug 30 22:01:06 CST 2016
[4075] Tue Aug 30 22:01:07 CST 2016
[4075] Tue Aug 30 22:07:07 CST 2016
[4075] Tue Aug 30 22:13:06 CST 2016
[4075] Tue Aug 30 22:19:06 CST 2016
[4075] Tue Aug 30 22:19:09 CST 2016
[4075] Tue Aug 30 22:25:06 CST 2016
[4075] Tue Aug 30 22:31:06 CST 2016
[4075] Tue Aug 30 22:37:06 CST 2016
[4075] Tue Aug 30 22:37:09 CST 2016
[4075] Tue Aug 30 22:43:07 CST 2016
[4075] Tue Aug 30 22:49:09 CST 2016
[4075] Tue Aug 30 22:55:07 CST 2016
[4075] Tue Aug 30 22:55:07 CST 2016
[4075] Wed Aug 31 18:01:06 CST 2016
[4075] Wed Aug 31 18:07:07 CST 2016
[4075] Wed Aug 31 18:13:06 CST 2016
[4075] Wed Aug 31 18:19:07 CST 2016
[4075] Wed Aug 31 18:25:08 CST 2016
[4075] Wed Aug 31 18:31:10 CST 2016
[4075] Wed Aug 31 18:37:14 CST 2016
[4075] Wed Aug 31 18:43:06 CST 2016
[4075] Wed Aug 31 18:49:10 CST 2016
[4075] Wed Aug 31 18:55:07 CST 2016
[4075] Wed Aug 31 19:01:05 CST 2016
[4075] Wed Aug 31 19:07:07 CST 2016
[4075] Wed Aug 31 19:13:06 CST 2016
[4075] Wed Aug 31 19:19:06 CST 2016
[4075] Wed Aug 31 19:25:07 CST 2016
[4075] Wed Aug 31 19:31:08 CST 2016
[4075] Wed Aug 31 19:37:06 CST 2016
[4075] Wed Aug 31 19:43:06 CST 2016
[4075] Wed Aug 31 19:49:06 CST 2016
[4075] Wed Aug 31 19:55:06 CST 2016
[4075] Wed Aug 31 20:01:06 CST 2016
[4075] Wed Aug 31 20:01:07 CST 2016
[4075] Wed Aug 31 20:07:06 CST 2016
[4075] Wed Aug 31 20:13:06 CST 2016
[4075] Wed Aug 31 20:19:06 CST 2016
[4075] Wed Aug 31 20:19:07 CST 2016
[4075] Wed Aug 31 20:25:06 CST 2016
[4075] Wed Aug 31 20:31:07 CST 2016
[4075] Wed Aug 31 20:37:06 CST 2016
[4075] Wed Aug 31 20:37:06 CST 2016
[4075] Wed Aug 31 20:43:08 CST 2016
[4075] Wed Aug 31 20:49:06 CST 2016
[4075] Wed Aug 31 20:55:06 CST 2016
[4075] Wed Aug 31 20:55:07 CST 2016
[4075] Wed Aug 31 21:01:06 CST 2016
[4075] Wed Aug 31 21:01:06 CST 2016
[4075] Wed Aug 31 21:07:07 CST 2016
[4075] Wed Aug 31 21:13:07 CST 2016
[4075] Wed Aug 31 21:19:06 CST 2016
[4075] Wed Aug 31 21:19:06 CST 2016
[4075] Wed Aug 31 21:25:07 CST 2016
[4075] Wed Aug 31 21:31:06 CST 2016
[4075] Wed Aug 31 21:37:06 CST 2016
[4075] Wed Aug 31 21:37:06 CST 2016
[4075] Wed Aug 31 21:43:08 CST 2016
[4075] Wed Aug 31 21:49:06 CST 2016
[4075] Wed Aug 31 21:55:06 CST 2016
[4075] Wed Aug 31 21:55:07 CST 2016
[4075] Wed Aug 31 22:01:06 CST 2016
[4075] Wed Aug 31 22:01:07 CST 2016
[4075] Wed Aug 31 22:07:07 CST 2016
[4075] Wed Aug 31 22:13:07 CST 2016
[4075] Wed Aug 31 22:19:06 CST 2016
[4075] Wed Aug 31 22:19:06 CST 2016
[4075] Wed Aug 31 22:25:07 CST 2016
[4075] Wed Aug 31 22:31:07 CST 2016
[4075] Wed Aug 31 22:37:06 CST 2016
[4075] Wed Aug 31 22:37:07 CST 2016
[4075] Wed Aug 31 22:43:05 CST 2016
[4075] Wed Aug 31 22:49:07 CST 2016
[4075] Wed Aug 31 22:55:06 CST 2016
[4075] Wed Aug 31 22:55:08 CST 2016
[4075] Sat Sep 3 16:01:06 CST 2016
[4075] Sat Sep 3 16:11:06 CST 2016
[4075] Sat Sep 3 16:21:06 CST 2016
[4075] Sat Sep 3 16:31:07 CST 2016
[4075] Sat Sep 3 16:41:06 CST 2016
[4075] Sat Sep 3 16:51:07 CST 2016
[4075] Sat Sep 3 18:01:06 CST 2016
[4075] Sat Sep 3 18:11:06 CST 2016
[4075] Sat Sep 3 18:21:06 CST 2016
[4075] Sat Sep 3 18:31:06 CST 2016
[4075] Sat Sep 3 18:41:06 CST 2016
[4075] Sat Sep 3 18:51:06 CST 2016
[4075] Sat Sep 3 20:01:06 CST 2016
[4075] Sat Sep 3 20:01:09 CST 2016
[4075] Sat Sep 3 20:11:06 CST 2016
[4075] Sat Sep 3 20:19:06 CST 2016
[4075] Sat Sep 3 20:21:06 CST 2016
[4075] Sat Sep 3 20:31:06 CST 2016
[4075] Sat Sep 3 20:37:06 CST 2016
[4075] Sat Sep 3 20:41:06 CST 2016
[4075] Sat Sep 3 20:51:07 CST 2016
[4075] Sat Sep 3 20:55:06 CST 2016
[4075] Sat Sep 3 21:01:06 CST 2016
[4075] Sat Sep 3 21:19:06 CST 2016
[4075] Sat Sep 3 21:37:06 CST 2016
[4075] Sat Sep 3 21:55:06 CST 2016
[4075] Sat Sep 3 22:01:06 CST 2016
[4075] Sat Sep 3 22:01:06 CST 2016
[4075] Sat Sep 3 22:11:06 CST 2016
[4075] Sat Sep 3 22:19:07 CST 2016
[4075] Sat Sep 3 22:21:06 CST 2016
[4075] Sat Sep 3 22:31:07 CST 2016
[4075] Sat Sep 3 22:37:07 CST 2016
[4075] Sat Sep 3 22:41:06 CST 2016
[4075] Sat Sep 3 22:51:06 CST 2016
[4075] Sat Sep 3 22:55:06 CST 2016
[4075] Mon Sep 5 16:01:06 CST 2016
[4075] Mon Sep 5 16:11:07 CST 2016
[4075] Mon Sep 5 16:21:06 CST 2016
[4075] Mon Sep 5 16:31:07 CST 2016
[4075] Mon Sep 5 16:41:06 CST 2016
[4075] Mon Sep 5 16:51:07 CST 2016
[4075] Mon Sep 5 18:01:06 CST 2016
[4075] Mon Sep 5 18:11:07 CST 2016
[4075] Mon Sep 5 18:21:06 CST 2016
[4075] Mon Sep 5 18:31:07 CST 2016
[4075] Mon Sep 5 18:41:07 CST 2016
[4075] Mon Sep 5 18:51:06 CST 2016
[4074][4078] Mon Sep 5 20:01:06 CST 2016
[4075] Mon Sep 5 20:01:07 CST 2016
[4075] Mon Sep 5 20:11:06 CST 2016
[4074][4078] Mon Sep 5 20:19:06 CST 2016
[4075] Mon Sep 5 20:21:07 CST 2016
[4075] Mon Sep 5 20:31:06 CST 2016
[4074][4078] Mon Sep 5 20:37:04 CST 2016
[4075] Mon Sep 5 20:41:07 CST 2016
[4075] Mon Sep 5 20:51:06 CST 2016
[4074][4078] Mon Sep 5 20:55:05 CST 2016
[4074][4078] Mon Sep 5 21:01:06 CST 2016
[4074][4078] Mon Sep 5 21:19:04 CST 2016
[4074][4078] Mon Sep 5 21:37:04 CST 2016
[4074][4078] Mon Sep 5 21:55:05 CST 2016
[4074][4078] Mon Sep 5 22:01:03 CST 2016
[4075] Mon Sep 5 22:01:06 CST 2016
[4075] Mon Sep 5 22:11:05 CST 2016
[4074][4078] Mon Sep 5 22:19:06 CST 2016
[4075] Mon Sep 5 22:21:06 CST 2016
[4075] Mon Sep 5 22:31:07 CST 2016
[4074][4078] Mon Sep 5 22:37:05 CST 2016
[4075] Mon Sep 5 22:41:06 CST 2016
[4075] Mon Sep 5 22:51:07 CST 2016
[4074][4078] Mon Sep 5 22:55:02 CST 2016
[4075] Tue Sep 6 16:01:07 CST 2016
[4075] Tue Sep 6 16:11:08 CST 2016
[4075] Tue Sep 6 16:21:07 CST 2016
[4075] Tue Sep 6 16:31:06 CST 2016
[4075] Tue Sep 6 16:41:07 CST 2016
[4075] Tue Sep 6 16:51:07 CST 2016
[4075] Tue Sep 6 18:01:06 CST 2016
[4074][4078] Tue Sep 6 20:01:06 CST 2016
[4075] Tue Sep 6 20:01:07 CST 2016
[4075] Tue Sep 6 20:11:06 CST 2016
[4074][4078] Tue Sep 6 20:19:05 CST 2016
[4075] Tue Sep 6 20:21:06 CST 2016
[4075] Tue Sep 6 20:31:06 CST 2016
[4074][4078] Tue Sep 6 20:37:04 CST 2016
[4075] Tue Sep 6 20:41:06 CST 2016
[4075] Tue Sep 6 20:51:08 CST 2016
[4074][4078] Tue Sep 6 20:55:05 CST 2016
[4074][4078] Tue Sep 6 21:01:04 CST 2016
[4074][4078] Tue Sep 6 21:19:07 CST 2016
[4074][4078] Tue Sep 6 21:37:05 CST 2016
[4074][4078] Tue Sep 6 21:55:06 CST 2016
[4074][4078] Tue Sep 6 22:01:07 CST 2016
[4075] Tue Sep 6 22:01:07 CST 2016
[4075] Tue Sep 6 22:11:06 CST 2016
[4074][4078] Tue Sep 6 22:19:04 CST 2016
[4075] Tue Sep 6 22:21:07 CST 2016
[4075] Tue Sep 6 22:31:06 CST 2016
[4074][4078] Tue Sep 6 22:37:05 CST 2016
[4075] Tue Sep 6 22:41:06 CST 2016
[4075] Tue Sep 6 22:51:10 CST 2016
[4074][4078] Tue Sep 6 22:55:05 CST 2016
[4075] Wed Sep 7 16:01:06 CST 2016
[4075] Wed Sep 7 16:11:06 CST 2016
[4075] Wed Sep 7 16:21:07 CST 2016
[4075] Wed Sep 7 16:31:07 CST 2016
[4075] Wed Sep 7 16:41:06 CST 2016
[4075] Wed Sep 7 16:51:06 CST 2016
[4075] Wed Sep 7 18:01:06 CST 2016
[4075] Wed Sep 7 18:11:06 CST 2016
[4075] Wed Sep 7 18:21:07 CST 2016
[4075] Wed Sep 7 18:31:07 CST 2016
[4075] Wed Sep 7 18:41:06 CST 2016
[4075] Wed Sep 7 18:51:06 CST 2016
[4074][4078] Wed Sep 7 20:01:05 CST 2016
[4075] Wed Sep 7 20:01:07 CST 2016
[4075] Wed Sep 7 20:11:07 CST 2016
[4074][4078] Wed Sep 7 20:19:05 CST 2016
[4075] Wed Sep 7 20:21:07 CST 2016
[4075] Wed Sep 7 20:31:06 CST 2016
[4074][4078] Wed Sep 7 20:37:02 CST 2016
[4075] Wed Sep 7 20:41:06 CST 2016
[4075] Wed Sep 7 20:51:06 CST 2016
[4074][4078] Wed Sep 7 20:55:05 CST 2016
[4074][4078] Wed Sep 7 21:01:02 CST 2016
[4074][4078] Wed Sep 7 21:19:02 CST 2016
[4074][4078] Wed Sep 7 21:37:05 CST 2016
[4074][4078] Wed Sep 7 21:55:05 CST 2016
[4074][4078] Wed Sep 7 22:01:05 CST 2016
[4075] Wed Sep 7 22:01:10 CST 2016
[4075] Wed Sep 7 22:11:06 CST 2016
[4074][4078] Wed Sep 7 22:19:06 CST 2016
[4075] Wed Sep 7 22:21:07 CST 2016
[4075] Wed Sep 7 22:31:06 CST 2016
[4074][4078] Wed Sep 7 22:37:05 CST 2016
[4075] Wed Sep 7 22:41:06 CST 2016
[4075] Wed Sep 7 22:51:06 CST 2016
[4074][4078] Wed Sep 7 22:55:05 CST 2016
[4075] Sat Sep 10 16:01:08 CST 2016
[4075] Sat Sep 10 16:11:06 CST 2016
[4075] Sat Sep 10 16:21:07 CST 2016
[4075] Sat Sep 10 16:31:06 CST 2016
[4075] Sat Sep 10 16:41:07 CST 2016
[4075] Sat Sep 10 16:51:07 CST 2016
[4075] Sat Sep 10 18:01:06 CST 2016
[4075] Sat Sep 10 18:11:07 CST 2016
[4075] Sat Sep 10 18:21:06 CST 2016
[4075] Sat Sep 10 18:31:06 CST 2016
[4075] Sat Sep 10 18:41:06 CST 2016
[4075] Sat Sep 10 18:51:06 CST 2016
[4074][4078] Sat Sep 10 20:01:04 CST 2016
[4075] Sat Sep 10 20:01:08 CST 2016
[4075] Sat Sep 10 20:11:06 CST 2016
[4074][4078] Sat Sep 10 20:19:06 CST 2016
[4075] Sat Sep 10 20:21:07 CST 2016
[4075] Sat Sep 10 20:31:06 CST 2016
[4074][4078] Sat Sep 10 20:37:02 CST 2016
[4075] Sat Sep 10 20:41:07 CST 2016
[4075] Sat Sep 10 20:51:07 CST 2016
[4074][4078] Sat Sep 10 20:55:04 CST 2016
[4074][4078] Sat Sep 10 21:01:05 CST 2016
[4074][4078] Sat Sep 10 21:19:05 CST 2016
[4074][4078] Sat Sep 10 21:37:04 CST 2016
[4074][4078] Sat Sep 10 21:55:02 CST 2016
[4074][4078] Sat Sep 10 22:01:05 CST 2016
[4075] Sat Sep 10 22:01:07 CST 2016
[4075] Sat Sep 10 22:11:07 CST 2016
[4074][4078] Sat Sep 10 22:19:05 CST 2016
[4075] Sat Sep 10 22:21:07 CST 2016
[4075] Sat Sep 10 22:31:07 CST 2016
[4074][4078] Sat Sep 10 22:37:09 CST 2016
[4075] Sat Sep 10 22:41:06 CST 2016
[4075] Sat Sep 10 22:51:07 CST 2016
[4074][4078] Sat Sep 10 22:55:05 CST 2016
[4075] Mon Sep 12 16:01:07 CST 2016
[4075] Mon Sep 12 16:11:07 CST 2016
[4075] Mon Sep 12 16:21:07 CST 2016
[4075] Mon Sep 12 16:31:07 CST 2016
[4075] Mon Sep 12 16:41:06 CST 2016
[4075] Mon Sep 12 16:51:07 CST 2016
[4075] Mon Sep 12 18:01:07 CST 2016
[4075] Mon Sep 12 18:11:06 CST 2016
[4075] Mon Sep 12 18:21:07 CST 2016
[4075] Mon Sep 12 18:31:06 CST 2016
[4075] Mon Sep 12 18:41:08 CST 2016
[4075] Mon Sep 12 18:51:06 CST 2016
[4074][4078] Mon Sep 12 20:01:06 CST 2016
[4075] Mon Sep 12 20:01:07 CST 2016
[4075] Mon Sep 12 20:11:06 CST 2016
[4074][4078] Mon Sep 12 20:19:05 CST 2016
[4075] Mon Sep 12 20:21:07 CST 2016
[4075] Mon Sep 12 20:31:06 CST 2016
[4074][4078] Mon Sep 12 20:37:05 CST 2016
[4075] Mon Sep 12 20:41:07 CST 2016
[4075] Mon Sep 12 20:51:06 CST 2016
[4074][4078] Mon Sep 12 20:55:05 CST 2016
[4074][4078] Mon Sep 12 21:01:06 CST 2016
[4074][4078] Mon Sep 12 21:19:04 CST 2016
[4074][4078] Mon Sep 12 21:37:03 CST 2016
[4074][4078] Mon Sep 12 21:55:04 CST 2016
[4074][4078] Mon Sep 12 22:01:05 CST 2016
[4075] Mon Sep 12 22:01:09 CST 2016
[4075] Mon Sep 12 22:11:06 CST 2016
[4074][4078] Mon Sep 12 22:19:03 CST 2016
[4075] Mon Sep 12 22:21:06 CST 2016
[4075] Mon Sep 12 22:31:06 CST 2016
[4074][4078] Mon Sep 12 22:37:05 CST 2016
[4075] Mon Sep 12 22:41:06 CST 2016
[4075] Mon Sep 12 22:51:06 CST 2016
[4074][4078] Mon Sep 12 22:55:05 CST 2016
[4075] Tue Sep 13 16:01:14 CST 2016
[4075] Tue Sep 13 16:11:06 CST 2016
[4075] Tue Sep 13 16:21:06 CST 2016
[4075] Tue Sep 13 16:31:07 CST 2016
[4075] Tue Sep 13 16:41:06 CST 2016
[4075] Tue Sep 13 16:51:12 CST 2016
[4075] Tue Sep 13 18:01:07 CST 2016
[4075] Tue Sep 13 18:11:07 CST 2016
[4075] Tue Sep 13 18:21:06 CST 2016
[4075] Tue Sep 13 18:31:09 CST 2016
[4075] Tue Sep 13 18:41:07 CST 2016
[4075] Tue Sep 13 18:51:06 CST 2016
[4074][4078] Tue Sep 13 20:01:05 CST 2016
[4075] Tue Sep 13 20:01:07 CST 2016
[4075] Tue Sep 13 20:11:07 CST 2016
[4074][4078] Tue Sep 13 20:19:06 CST 2016
[4075] Tue Sep 13 20:21:06 CST 2016
[4075] Tue Sep 13 20:31:06 CST 2016
[4074][4078] Tue Sep 13 20:37:03 CST 2016
[4075] Tue Sep 13 20:41:06 CST 2016
[4075] Tue Sep 13 20:51:06 CST 2016
[4074][4078] Tue Sep 13 20:55:03 CST 2016
[4074][4078] Tue Sep 13 21:01:04 CST 2016
[4074][4078] Tue Sep 13 21:19:03 CST 2016
[4074][4078] Tue Sep 13 21:37:02 CST 2016
[4074][4078] Tue Sep 13 21:55:05 CST 2016
[4074][4078] Tue Sep 13 22:01:04 CST 2016
[4075] Tue Sep 13 22:01:08 CST 2016
[4075] Tue Sep 13 22:11:09 CST 2016
[4074][4078] Tue Sep 13 22:19:04 CST 2016
[4075] Tue Sep 13 22:21:07 CST 2016
[4075] Tue Sep 13 22:31:07 CST 2016
[4074][4078] Tue Sep 13 22:37:07 CST 2016
[4075] Tue Sep 13 22:41:07 CST 2016
[4075] Tue Sep 13 22:51:05 CST 2016
[4074][4078] Tue Sep 13 22:55:05 CST 2016
[4075] Wed Sep 14 16:01:09 CST 2016
[4075] Wed Sep 14 16:11:36 CST 2016
[4075] Wed Sep 14 16:21:46 CST 2016
[4075] Wed Sep 14 16:32:44 CST 2016
[4075] Wed Sep 14 16:41:51 CST 2016
[4075] Wed Sep 14 16:52:18 CST 2016
[4075] Wed Sep 14 18:01:08 CST 2016
[4075] Wed Sep 14 18:11:06 CST 2016
[4075] Wed Sep 14 18:21:07 CST 2016
[4075] Wed Sep 14 18:31:06 CST 2016
[4075] Wed Sep 14 18:41:06 CST 2016
[4075] Wed Sep 14 18:51:11 CST 2016
[4074][4078] Wed Sep 14 20:01:04 CST 2016
[4075] Wed Sep 14 20:01:09 CST 2016
[4075] Wed Sep 14 20:11:06 CST 2016
[4074][4078] Wed Sep 14 20:19:02 CST 2016
[4075] Wed Sep 14 20:21:06 CST 2016
[4075] Wed Sep 14 20:31:07 CST 2016
[4074][4078] Wed Sep 14 20:37:04 CST 2016
[4075] Wed Sep 14 20:41:06 CST 2016
[4075] Wed Sep 14 20:51:07 CST 2016
[4074][4078] Wed Sep 14 20:55:05 CST 2016
[4074][4078] Wed Sep 14 21:01:05 CST 2016
[4074][4078] Wed Sep 14 21:19:04 CST 2016
[4074][4078] Wed Sep 14 21:37:02 CST 2016
[4074][4078] Wed Sep 14 21:55:02 CST 2016
[4074][4078] Wed Sep 14 22:01:03 CST 2016
[4075] Wed Sep 14 22:01:07 CST 2016
[4075] Wed Sep 14 22:11:06 CST 2016
[4074][4078] Wed Sep 14 22:19:05 CST 2016
[4075] Wed Sep 14 22:21:07 CST 2016
[4075] Wed Sep 14 22:31:06 CST 2016
[4074][4078] Wed Sep 14 22:37:05 CST 2016
[4075] Wed Sep 14 22:41:07 CST 2016
[4075] Wed Sep 14 22:51:06 CST 2016
[4074][4078] Wed Sep 14 22:55:06 CST 2016
[4075] Sat Sep 17 16:01:08 CST 2016
[4075] Sat Sep 17 16:11:06 CST 2016
[4075] Sat Sep 17 16:21:08 CST 2016
[4075] Sat Sep 17 16:31:06 CST 2016
[4075] Sat Sep 17 16:41:08 CST 2016
[4075] Sat Sep 17 16:51:07 CST 2016
[4075] Sat Sep 17 18:01:07 CST 2016
[4075] Sat Sep 17 18:11:06 CST 2016
[4075] Sat Sep 17 18:21:06 CST 2016
[4075] Sat Sep 17 18:31:07 CST 2016
[4075] Sat Sep 17 18:41:06 CST 2016
[4075] Sat Sep 17 18:51:06 CST 2016
[4074][4078] Sat Sep 17 20:01:04 CST 2016
[4075] Sat Sep 17 20:01:07 CST 2016
[4075] Sat Sep 17 20:11:07 CST 2016
[4074][4078] Sat Sep 17 20:19:02 CST 2016
[4075] Sat Sep 17 20:21:06 CST 2016
[4075] Sat Sep 17 20:31:06 CST 2016
[4074][4078] Sat Sep 17 20:37:04 CST 2016
[4075] Sat Sep 17 20:41:07 CST 2016
[4075] Sat Sep 17 20:51:06 CST 2016
[4074][4078] Sat Sep 17 20:55:04 CST 2016
[4074][4078] Sat Sep 17 21:01:04 CST 2016
[4074][4078] Sat Sep 17 21:19:04 CST 2016
[4074][4078] Sat Sep 17 21:37:02 CST 2016
[4074][4078] Sat Sep 17 21:55:03 CST 2016
[4074][4078] Sat Sep 17 22:01:04 CST 2016
[4075] Sat Sep 17 22:01:06 CST 2016
[4075] Sat Sep 17 22:11:06 CST 2016
[4074][4078] Sat Sep 17 22:19:05 CST 2016
[4075] Sat Sep 17 22:21:06 CST 2016
[4075] Sat Sep 17 22:31:08 CST 2016
[4074][4078] Sat Sep 17 22:37:05 CST 2016
[4075] Sat Sep 17 22:41:06 CST 2016
[4075] Sat Sep 17 22:51:06 CST 2016
[4074][4078] Sat Sep 17 22:55:02 CST 2016
[4075] Mon Sep 19 16:01:07 CST 2016
[4075] Mon Sep 19 16:11:07 CST 2016
[4075] Mon Sep 19 16:21:06 CST 2016
[4075] Mon Sep 19 16:31:08 CST 2016
[4075] Mon Sep 19 16:41:07 CST 2016
[4075] Mon Sep 19 16:51:07 CST 2016
[4075] Mon Sep 19 18:01:07 CST 2016
[4075] Mon Sep 19 18:11:07 CST 2016
[4075] Mon Sep 19 18:21:06 CST 2016
[4075] Mon Sep 19 18:31:06 CST 2016
[4075] Mon Sep 19 18:41:09 CST 2016
[4075] Mon Sep 19 18:51:06 CST 2016
[4074][4078] Mon Sep 19 20:01:03 CST 2016
[4075] Mon Sep 19 20:01:08 CST 2016
[4075] Mon Sep 19 20:11:06 CST 2016
[4074][4078] Mon Sep 19 20:19:02 CST 2016
[4075] Mon Sep 19 20:21:07 CST 2016
[4075] Mon Sep 19 20:31:06 CST 2016
[4074][4078] Mon Sep 19 20:37:04 CST 2016
[4075] Mon Sep 19 20:41:07 CST 2016
[4075] Mon Sep 19 20:51:07 CST 2016
[4074][4078] Mon Sep 19 20:55:04 CST 2016
[4074][4078] Mon Sep 19 21:01:04 CST 2016
[4074][4078] Mon Sep 19 21:19:04 CST 2016
[4074][4078] Mon Sep 19 21:37:02 CST 2016
[4074][4078] Mon Sep 19 21:55:04 CST 2016
[4074][4078] Mon Sep 19 22:01:03 CST 2016
[4075] Mon Sep 19 22:01:09 CST 2016
[4075] Mon Sep 19 22:11:06 CST 2016
[4074][4078] Mon Sep 19 22:19:05 CST 2016
[4075] Mon Sep 19 22:21:07 CST 2016
[4075] Mon Sep 19 22:31:07 CST 2016
[4074][4078] Mon Sep 19 22:37:05 CST 2016
[4075] Mon Sep 19 22:41:06 CST 2016
[4075] Mon Sep 19 22:51:06 CST 2016
[4074][4078] Mon Sep 19 22:55:04 CST 2016
[4075] Tue Sep 20 16:01:08 CST 2016
[4075] Tue Sep 20 16:11:07 CST 2016
[4075] Tue Sep 20 16:21:07 CST 2016
[4075] Tue Sep 20 16:31:06 CST 2016
[4075] Tue Sep 20 16:41:07 CST 2016
[4075] Tue Sep 20 16:51:06 CST 2016
[4075] Tue Sep 20 18:01:07 CST 2016
[4075] Tue Sep 20 18:11:06 CST 2016
[4075] Tue Sep 20 18:21:06 CST 2016
[4075] Tue Sep 20 18:31:07 CST 2016
[4075] Tue Sep 20 18:41:06 CST 2016
[4075] Tue Sep 20 18:51:07 CST 2016
[4074][4078] Tue Sep 20 20:01:04 CST 2016
[4075] Tue Sep 20 20:01:06 CST 2016
[4075] Tue Sep 20 20:11:07 CST 2016
[4074][4078] Tue Sep 20 20:19:05 CST 2016
[4075] Tue Sep 20 20:21:06 CST 2016
[4075] Tue Sep 20 20:31:07 CST 2016
[4074][4078] Tue Sep 20 20:37:02 CST 2016
[4075] Tue Sep 20 20:41:07 CST 2016
[4075] Tue Sep 20 20:51:05 CST 2016
[4074][4078] Tue Sep 20 20:55:05 CST 2016
[4074][4078] Tue Sep 20 21:01:04 CST 2016
[4074][4078] Tue Sep 20 21:19:04 CST 2016
[4074][4078] Tue Sep 20 21:37:04 CST 2016
[4074][4078] Tue Sep 20 21:55:04 CST 2016
[4074][4078] Tue Sep 20 22:01:05 CST 2016
[4075] Tue Sep 20 22:01:08 CST 2016
[4075] Tue Sep 20 22:11:06 CST 2016
[4074][4078] Tue Sep 20 22:19:05 CST 2016
[4075] Tue Sep 20 22:21:06 CST 2016
[4075] Tue Sep 20 22:31:06 CST 2016
[4074][4078] Tue Sep 20 22:37:05 CST 2016
[4075] Tue Sep 20 22:41:06 CST 2016
[4075] Tue Sep 20 22:51:06 CST 2016
[4074][4078] Tue Sep 20 22:55:02 CST 2016
[4075] Wed Sep 21 16:01:06 CST 2016
[4075] Wed Sep 21 16:11:06 CST 2016
[4075] Wed Sep 21 16:21:07 CST 2016
[4075] Wed Sep 21 16:31:06 CST 2016
[4075] Wed Sep 21 16:41:07 CST 2016
[4075] Wed Sep 21 16:51:05 CST 2016
[4075] Wed Sep 21 18:01:06 CST 2016
[4075] Wed Sep 21 18:11:07 CST 2016
[4075] Wed Sep 21 18:21:06 CST 2016
[4075] Wed Sep 21 18:31:06 CST 2016
[4075] Wed Sep 21 18:41:08 CST 2016
[4075] Wed Sep 21 18:51:07 CST 2016
[4074][4078] Wed Sep 21 20:01:04 CST 2016
[4075] Wed Sep 21 20:01:06 CST 2016
[4075] Wed Sep 21 20:11:07 CST 2016
[4074][4078] Wed Sep 21 20:19:02 CST 2016
[4075] Wed Sep 21 20:21:07 CST 2016
[4075] Wed Sep 21 20:31:07 CST 2016
[4074][4078] Wed Sep 21 20:37:02 CST 2016
[4075] Wed Sep 21 20:41:06 CST 2016
[4075] Wed Sep 21 20:51:06 CST 2016
[4074][4078] Wed Sep 21 20:55:04 CST 2016
[4074][4078] Wed Sep 21 21:01:08 CST 2016
[4074][4078] Wed Sep 21 21:19:04 CST 2016
[4074][4078] Wed Sep 21 21:37:05 CST 2016
[4074][4078] Wed Sep 21 21:55:04 CST 2016
[4074][4078] Wed Sep 21 22:01:04 CST 2016
[4075] Wed Sep 21 22:01:06 CST 2016
[4075] Wed Sep 21 22:11:06 CST 2016
[4074][4078] Wed Sep 21 22:19:05 CST 2016
[4075] Wed Sep 21 22:21:07 CST 2016
[4075] Wed Sep 21 22:31:06 CST 2016
[4074][4078] Wed Sep 21 22:37:02 CST 2016
[4075] Wed Sep 21 22:41:07 CST 2016
[4075] Wed Sep 21 22:51:06 CST 2016
[4074][4078] Wed Sep 21 22:55:04 CST 2016
[4075] Sat Sep 24 16:01:05 CST 2016
[4075] Sat Sep 24 16:11:04 CST 2016
[4075] Sat Sep 24 16:21:05 CST 2016
[4075] Sat Sep 24 16:31:04 CST 2016
[4075] Sat Sep 24 16:41:04 CST 2016
[4075] Sat Sep 24 16:51:04 CST 2016
[4075] Sat Sep 24 18:01:05 CST 2016
[4075] Sat Sep 24 18:11:04 CST 2016
[4075] Sat Sep 24 18:21:04 CST 2016
[4075] Sat Sep 24 18:31:04 CST 2016
[4075] Sat Sep 24 18:41:04 CST 2016
[4075] Sat Sep 24 18:51:05 CST 2016
[4074][4078] Sat Sep 24 20:01:02 CST 2016
[4075] Sat Sep 24 20:01:04 CST 2016
[4075] Sat Sep 24 20:11:05 CST 2016
[4074][4078] Sat Sep 24 20:19:02 CST 2016
[4075] Sat Sep 24 20:21:05 CST 2016
[4075] Sat Sep 24 20:31:04 CST 2016
[4074][4078] Sat Sep 24 20:37:04 CST 2016
[4075] Sat Sep 24 20:41:05 CST 2016
[4075] Sat Sep 24 20:51:04 CST 2016
[4074][4078] Sat Sep 24 20:55:04 CST 2016
[4074][4078] Sat Sep 24 21:01:04 CST 2016
[4074][4078] Sat Sep 24 21:19:04 CST 2016
[4074][4078] Sat Sep 24 21:37:04 CST 2016
[4074][4078] Sat Sep 24 21:55:05 CST 2016
[4074][4078] Sat Sep 24 22:01:04 CST 2016
[4075] Sat Sep 24 22:01:04 CST 2016
[4075] Sat Sep 24 22:11:05 CST 2016
[4074][4078] Sat Sep 24 22:19:02 CST 2016
[4075] Sat Sep 24 22:21:04 CST 2016
[4075] Sat Sep 24 22:31:05 CST 2016
[4074][4078] Sat Sep 24 22:37:04 CST 2016
[4075] Sat Sep 24 22:41:05 CST 2016
[4075] Sat Sep 24 22:51:05 CST 2016
[4074][4078] Sat Sep 24 22:55:04 CST 2016
[4075] Mon Sep 26 16:01:05 CST 2016
[4075] Mon Sep 26 16:11:05 CST 2016
[4075] Mon Sep 26 16:21:05 CST 2016
[4075] Mon Sep 26 16:31:04 CST 2016
[4075] Mon Sep 26 16:41:05 CST 2016
[4075] Mon Sep 26 16:51:05 CST 2016
[4075] Mon Sep 26 18:01:04 CST 2016
[4075] Mon Sep 26 18:11:05 CST 2016
[4075] Mon Sep 26 18:21:04 CST 2016
[4075] Mon Sep 26 18:31:05 CST 2016
[4075] Mon Sep 26 18:41:04 CST 2016
[4075] Mon Sep 26 18:51:05 CST 2016
[4075] Mon Sep 26 20:01:05 CST 2016
[4074][4078] Mon Sep 26 20:01:06 CST 2016
[4075] Mon Sep 26 20:11:04 CST 2016
[4074][4078] Mon Sep 26 20:19:05 CST 2016
[4075] Mon Sep 26 20:21:04 CST 2016
[4075] Mon Sep 26 20:31:05 CST 2016
[4074][4078] Mon Sep 26 20:37:02 CST 2016
[4075] Mon Sep 26 20:41:05 CST 2016
[4075] Mon Sep 26 20:51:04 CST 2016
[4074][4078] Mon Sep 26 20:55:04 CST 2016
[4074][4078] Mon Sep 26 21:01:04 CST 2016
[4074][4078] Mon Sep 26 21:19:03 CST 2016
[4074][4078] Mon Sep 26 21:37:04 CST 2016
[4074][4078] Mon Sep 26 21:55:06 CST 2016
[4074][4078] Mon Sep 26 22:01:04 CST 2016
[4075] Mon Sep 26 22:01:04 CST 2016
[4075] Mon Sep 26 22:11:05 CST 2016
[4074][4078] Mon Sep 26 22:19:02 CST 2016
[4075] Mon Sep 26 22:21:05 CST 2016
[4075] Mon Sep 26 22:31:04 CST 2016
[4074][4078] Mon Sep 26 22:37:05 CST 2016
[4075] Mon Sep 26 22:41:04 CST 2016
[4075] Mon Sep 26 22:51:05 CST 2016
[4074][4078] Mon Sep 26 22:55:03 CST 2016
[4075] Tue Sep 27 16:01:05 CST 2016
[4075] Tue Sep 27 16:11:05 CST 2016
[4075] Tue Sep 27 16:21:05 CST 2016
[4075] Tue Sep 27 16:31:05 CST 2016
[4075] Tue Sep 27 16:41:05 CST 2016
[4075] Tue Sep 27 16:51:05 CST 2016
[4075] Tue Sep 27 18:01:04 CST 2016
[4075] Tue Sep 27 18:11:05 CST 2016
[4075] Tue Sep 27 18:21:05 CST 2016
[4075] Tue Sep 27 18:31:04 CST 2016
[4075] Tue Sep 27 18:41:04 CST 2016
[4075] Tue Sep 27 18:51:05 CST 2016
[4074][4078] Tue Sep 27 20:01:04 CST 2016
[4075] Tue Sep 27 20:01:04 CST 2016
[4075] Tue Sep 27 20:11:06 CST 2016
[4074][4078] Tue Sep 27 20:19:05 CST 2016
[4075] Tue Sep 27 20:21:05 CST 2016
[4075] Tue Sep 27 20:31:05 CST 2016
[4074][4078] Tue Sep 27 20:37:04 CST 2016
[4075] Tue Sep 27 20:41:05 CST 2016
[4075] Tue Sep 27 20:51:05 CST 2016
[4074][4078] Tue Sep 27 20:55:04 CST 2016
[4074][4078] Tue Sep 27 21:01:05 CST 2016
[4074][4078] Tue Sep 27 21:19:02 CST 2016
[4074][4078] Tue Sep 27 21:37:04 CST 2016
[4074][4078] Tue Sep 27 21:55:02 CST 2016
[4074][4078] Tue Sep 27 22:01:04 CST 2016
[4075] Tue Sep 27 22:01:04 CST 2016
[4075] Tue Sep 27 22:11:05 CST 2016
[4074][4078] Tue Sep 27 22:19:04 CST 2016
[4075] Tue Sep 27 22:21:05 CST 2016
[4075] Tue Sep 27 22:31:04 CST 2016
[4074][4078] Tue Sep 27 22:37:04 CST 2016
[4075] Tue Sep 27 22:41:04 CST 2016
[4075] Tue Sep 27 22:51:05 CST 2016
[4074][4078] Tue Sep 27 22:55:04 CST 2016
[4075] Wed Sep 28 16:01:05 CST 2016
[4075] Wed Sep 28 16:11:05 CST 2016
[4075] Wed Sep 28 16:21:04 CST 2016
[4075] Wed Sep 28 16:31:04 CST 2016
[4075] Wed Sep 28 16:41:04 CST 2016
[4075] Wed Sep 28 16:51:06 CST 2016
[4075] Wed Sep 28 18:01:04 CST 2016
[4075] Wed Sep 28 18:11:04 CST 2016
[4075] Wed Sep 28 18:21:05 CST 2016
[4075] Wed Sep 28 18:31:04 CST 2016
[4075] Wed Sep 28 18:41:04 CST 2016
[4075] Wed Sep 28 18:51:04 CST 2016
[4074][4078] Wed Sep 28 20:01:04 CST 2016
[4075] Wed Sep 28 20:01:05 CST 2016
[4075] Wed Sep 28 20:11:05 CST 2016
[4074][4078] Wed Sep 28 20:19:04 CST 2016
[4075] Wed Sep 28 20:21:04 CST 2016
[4075] Wed Sep 28 20:31:04 CST 2016
[4074][4078] Wed Sep 28 20:37:04 CST 2016
[4075] Wed Sep 28 20:41:05 CST 2016
[4075] Wed Sep 28 20:51:04 CST 2016
[4074][4078] Wed Sep 28 20:55:05 CST 2016
[4074][4078] Wed Sep 28 21:01:04 CST 2016
[4074][4078] Wed Sep 28 21:19:04 CST 2016
[4074][4078] Wed Sep 28 21:37:04 CST 2016
[4074][4078] Wed Sep 28 21:55:04 CST 2016
[4075] Wed Sep 28 22:01:04 CST 2016
[4074][4078] Wed Sep 28 22:01:04 CST 2016
[4075] Wed Sep 28 22:11:05 CST 2016
[4074][4078] Wed Sep 28 22:19:02 CST 2016
[4075] Wed Sep 28 22:21:04 CST 2016
[4075] Wed Sep 28 22:31:04 CST 2016
[4074][4078] Wed Sep 28 22:37:04 CST 2016
[4075] Wed Sep 28 22:41:05 CST 2016
[4075] Wed Sep 28 22:51:04 CST 2016
[4074][4078] Wed Sep 28 22:55:04 CST 2016
